<?xml version="1.0" encoding="UTF-8"?>
<!-- Generated by org.testng.reporters.JUnitReportReporter -->
<testsuite hostname="ETOLBANOS" name="homeLoadTest.HomeTest_V2" tests="1" failures="0" timestamp="24 Apr 2014 20:25:07 GMT" time="55.588" errors="0">
  <testcase name="saveAllLinks" time="55.588" classname="homeLoadTest.HomeTest_V2"/>
</testsuite> <!-- homeLoadTest.HomeTest_V2 -->
