<?xml version="1.0" encoding="UTF-8"?>
<!-- Generated by org.testng.reporters.JUnitReportReporter -->
<testsuite hostname="ETOLBANOS" name="jsTest.CaptureJavascriptErrors" tests="1" failures="0" timestamp="21 Apr 2014 19:25:47 GMT" time="5.005" errors="0">
  <testcase name="returnJavascriptErrors" time="5.005" classname="jsTest.CaptureJavascriptErrors"/>
</testsuite> <!-- jsTest.CaptureJavascriptErrors -->
