<?xml version="1.0" encoding="UTF-8"?>
<!-- Generated by org.testng.reporters.JUnitReportReporter -->
<testsuite hostname="ETOLBANOS" name="jsTest.CopyOfCaptureJSErrors_V3" tests="1" failures="0" timestamp="24 Apr 2014 17:26:38 GMT" time="5.007" errors="0">
  <testcase name="returnJavascriptErrors" time="5.007" classname="jsTest.CopyOfCaptureJSErrors_V3"/>
</testsuite> <!-- jsTest.CopyOfCaptureJSErrors_V3 -->
