<?xml version="1.0" encoding="UTF-8"?>
<!-- Generated by org.testng.reporters.JUnitReportReporter -->
<testsuite hostname="ETOLBANOS" name="jsTest.CaptureJSErrors_V2" tests="1" failures="0" timestamp="24 Apr 2014 16:26:54 GMT" time="5.008" errors="0">
  <testcase name="returnJavascriptErrors" time="5.008" classname="jsTest.CaptureJSErrors_V2"/>
</testsuite> <!-- jsTest.CaptureJSErrors_V2 -->
