<?xml version="1.0" encoding="UTF-8"?>
<!-- Generated by org.testng.reporters.JUnitReportReporter -->
<testsuite hostname="ETOLBANOS" name="linksTest.BrokenURL" tests="1" failures="0" timestamp="15 Apr 2014 17:21:36 GMT" time="146.038" errors="0">
  <testcase name="saveAllLinks" time="146.038" classname="linksTest.BrokenURL"/>
</testsuite> <!-- linksTest.BrokenURL -->
