<?xml version="1.0" encoding="UTF-8"?>
<!-- Generated by org.testng.reporters.JUnitReportReporter -->
<testsuite hostname="ETOLBANOS" name="homeLoadTest.HomeTest" tests="1" failures="0" timestamp="16 Apr 2014 19:05:18 GMT" time="66.008" errors="0">
  <testcase name="saveAllLinks" time="66.008" classname="homeLoadTest.HomeTest"/>
</testsuite> <!-- homeLoadTest.HomeTest -->
