<?xml version="1.0" encoding="UTF-8"?>
<!-- Generated by org.testng.reporters.JUnitReportReporter -->
<testsuite hostname="ETOLBANOS" name="staticAssetsTest.ImagesTest" tests="1" failures="0" timestamp="28 Apr 2014 15:12:44 GMT" time="163.241" errors="0">
  <testcase name="saveAllLinks" time="163.241" classname="staticAssetsTest.ImagesTest"/>
</testsuite> <!-- staticAssetsTest.ImagesTest -->
