<?xml version="1.0" encoding="UTF-8"?>
<!-- Generated by org.testng.reporters.JUnitReportReporter -->
<testsuite hostname="ETOLBANOS" name="pageLoadTest.ComprobadorDeEnlaces" tests="1" failures="0" timestamp="16 Apr 2014 13:05:40 GMT" time="3.869" errors="0">
  <testcase name="test" time="3.869" classname="pageLoadTest.ComprobadorDeEnlaces"/>
</testsuite> <!-- pageLoadTest.ComprobadorDeEnlaces -->
