<?xml version="1.0" encoding="UTF-8"?>
<!-- Generated by org.testng.reporters.JUnitReportReporter -->
<testsuite hostname="ETOLBANOS" name="jsTest.CaptureJSErrors_V3" tests="1" failures="0" timestamp="24 Apr 2014 18:23:58 GMT" time="5.006" errors="0">
  <testcase name="returnJavascriptErrors" time="5.006" classname="jsTest.CaptureJSErrors_V3"/>
</testsuite> <!-- jsTest.CaptureJSErrors_V3 -->
